\BOOKMARK [1][-]{Doc-Start}{\376\377\000K\000u\000r\000z\000f\000a\000s\000s\000u\000n\000g}{}% 1
\BOOKMARK [1][-]{section.1}{\376\377\000E\000i\000n\000l\000e\000i\000t\000u\000n\000g}{}% 2
\BOOKMARK [2][-]{subsection.1.1}{\376\377\000I\000d\000e\000e\000n\000f\000i\000n\000d\000u\000n\000g}{section.1}% 3
\BOOKMARK [2][-]{subsection.1.2}{\376\377\000L\000\366\000s\000u\000n\000g\000s\000a\000n\000s\000a\000t\000z}{section.1}% 4
\BOOKMARK [1][-]{section.2}{\376\377\000V\000o\000r\000g\000e\000h\000e\000n\000s\000w\000e\000i\000s\000e\000,\000\040\000M\000a\000t\000e\000r\000i\000a\000l\000i\000e\000n\000\040\000u\000n\000d\000\040\000M\000e\000t\000h\000o\000d\000e}{}% 5
\BOOKMARK [2][-]{subsection.2.1}{\376\377\000E\000r\000s\000t\000e\000\040\000D\000a\000t\000e\000n\000s\000a\000m\000m\000l\000u\000n\000g\000\040\000u\000n\000d\000\040\000m\000a\000n\000u\000e\000l\000l\000e\000\040\000A\000u\000f\000b\000e\000r\000e\000i\000t\000u\000n\000g}{section.2}% 6
\BOOKMARK [2][-]{subsection.2.2}{\376\377\000A\000n\000a\000l\000y\000s\000e\000\040\000d\000e\000r\000\040\000A\000u\000d\000i\000o\000d\000a\000t\000e\000n\000\040\000v\000i\000a\000\040\000D\000o\000p\000p\000l\000e\000r\000e\000f\000f\000e\000k\000t}{section.2}% 7
\BOOKMARK [3][-]{subsubsection.2.2.1}{\376\377\000V\000e\000r\000w\000e\000n\000d\000u\000n\000g\000\040\000d\000e\000r\000\040\000R\000e\000i\000f\000e\000n\000g\000e\000r\000\344\000u\000s\000c\000h\000e}{subsection.2.2}% 8
\BOOKMARK [3][-]{subsubsection.2.2.2}{\376\377\000V\000e\000r\000w\000e\000n\000d\000u\000n\000g\000\040\000d\000e\000r\000\040\000M\000o\000t\000o\000r\000g\000e\000r\000\344\000u\000s\000c\000h\000e}{subsection.2.2}% 9
\BOOKMARK [2][-]{subsection.2.3}{\376\377\000A\000n\000a\000l\000y\000s\000e\000\040\000d\000e\000r\000\040\000A\000u\000d\000i\000o\000d\000a\000t\000e\000n\000\040\000v\000i\000a\000\040\000L\000a\000u\000t\000s\000t\000\344\000r\000k\000e\000\344\000n\000d\000e\000r\000u\000n\000g}{section.2}% 10
\BOOKMARK [3][-]{subsubsection.2.3.1}{\376\377\000V\000e\000r\000s\000u\000c\000h\000\040\000z\000u\000r\000\040\000B\000e\000s\000t\000i\000m\000m\000u\000n\000g\000\040\000d\000e\000r\000\040\000B\000e\000z\000i\000e\000h\000u\000n\000g\000\040\000z\000w\000i\000s\000c\000h\000e\000n\000\040\000L\000a\000u\000t\000s\000t\000\344\000r\000k\000e\000\040\000u\000n\000d\000\040\000A\000b\000s\000t\000a\000n\000d}{subsection.2.3}% 11
\BOOKMARK [2][-]{subsection.2.4}{\376\377\000E\000n\000t\000w\000i\000c\000k\000l\000u\000n\000g\000\040\000d\000e\000r\000\040\000S\000o\000f\000t\000w\000a\000r\000e\000\040\000z\000u\000r\000\040\000A\000u\000s\000w\000e\000r\000t\000u\000n\000g\000\040\000d\000e\000r\000\040\000A\000u\000d\000i\000o\000d\000a\000t\000e\000n}{section.2}% 12
\BOOKMARK [3][-]{subsubsection.2.4.1}{\376\377\000A\000n\000a\000l\000y\000s\000e\000\040\000d\000e\000r\000\040\000A\000m\000p\000l\000i\000t\000u\000d\000e\000\040\000i\000m\000\040\000z\000e\000i\000t\000l\000i\000c\000h\000e\000n\000\040\000V\000e\000r\000l\000a\000u\000f}{subsection.2.4}% 13
\BOOKMARK [3][-]{subsubsection.2.4.2}{\376\377\000A\000n\000n\000\344\000h\000e\000r\000u\000n\000g\000\040\000d\000e\000r\000\040\000H\000y\000p\000e\000r\000b\000e\000l\000f\000u\000n\000k\000t\000i\000o\000n}{subsection.2.4}% 14
\BOOKMARK [3][-]{subsubsection.2.4.3}{\376\377\000G\000e\000s\000c\000h\000w\000i\000n\000d\000i\000g\000k\000e\000i\000t\000s\000b\000e\000r\000e\000c\000h\000n\000u\000n\000g}{subsection.2.4}% 15
\BOOKMARK [1][-]{section.3}{\376\377\000E\000r\000g\000e\000b\000n\000i\000s\000s\000e}{}% 16
\BOOKMARK [1][-]{section.4}{\376\377\000E\000r\000g\000e\000b\000n\000i\000s\000d\000i\000s\000k\000u\000s\000s\000i\000o\000n}{}% 17
\BOOKMARK [2][-]{subsection.4.1}{\376\377\000R\000e\000s\000u\000l\000t\000a\000t\000e\000\040\000d\000e\000r\000\040\000D\000o\000p\000p\000l\000e\000r\000-\000A\000n\000a\000l\000y\000s\000e}{section.4}% 18
\BOOKMARK [2][-]{subsection.4.2}{\376\377\000R\000e\000s\000u\000l\000t\000a\000t\000e\000\040\000d\000e\000r\000\040\000L\000a\000u\000t\000s\000t\000\344\000r\000k\000e\000-\000A\000n\000a\000l\000y\000s\000e}{section.4}% 19
\BOOKMARK [2][-]{subsection.4.3}{\376\377\000N\000a\000c\000h\000t\000e\000i\000l\000e\000\040\000e\000i\000n\000e\000r\000\040\000G\000e\000s\000c\000h\000w\000i\000n\000d\000i\000g\000k\000e\000i\000t\000s\000m\000e\000s\000s\000u\000n\000g\000\040\000\374\000b\000e\000r\000\040\000S\000c\000h\000a\000l\000l\000\040\000g\000e\000g\000e\000n\000\374\000b\000e\000r\000\040\000o\000p\000t\000i\000s\000c\000h\000e\000n\000\040\000M\000e\000s\000s\000m\000e\000t\000h\000o\000d\000e\000n}{section.4}% 20
\BOOKMARK [2][-]{subsection.4.4}{\376\377\000W\000e\000i\000t\000e\000r\000e\000s\000\040\000V\000o\000r\000g\000e\000h\000e\000n}{section.4}% 21
\BOOKMARK [1][-]{section.5}{\376\377\000Z\000u\000s\000a\000m\000m\000e\000n\000f\000a\000s\000s\000u\000n\000g}{}% 22
\BOOKMARK [1][-]{section.6}{\376\377\000V\000e\000r\000\366\000f\000f\000e\000n\000t\000l\000i\000c\000h\000u\000n\000g\000\040\000d\000e\000s\000\040\000Q\000u\000e\000l\000l\000c\000o\000d\000e\000s}{}% 23
\BOOKMARK [1][-]{section.7}{\376\377\000A\000b\000b\000i\000l\000d\000u\000n\000g\000s\000v\000e\000r\000z\000e\000i\000c\000h\000n\000i\000s}{}% 24
\BOOKMARK [1][-]{section.8}{\376\377\000Q\000u\000e\000l\000l\000e\000n\000-\000\040\000u\000n\000d\000\040\000L\000i\000t\000e\000r\000a\000t\000u\000r\000v\000e\000r\000z\000e\000i\000c\000h\000n\000i\000s}{}% 25
\BOOKMARK [1][-]{section.9}{\376\377\000U\000n\000t\000e\000r\000s\000t\000\374\000t\000z\000u\000n\000g\000s\000l\000e\000i\000s\000t\000u\000n\000g\000e\000n}{}% 26
